<?xml version="1.0" encoding="UTF-8"?>
<coverage generated="1743037080324" clover="3.2.0">
  <project timestamp="1743037080324" name="All files">
    <metrics statements="32" coveredstatements="31" conditionals="8" coveredconditionals="6" methods="8" coveredmethods="8" elements="48" coveredelements="45" complexity="0" loc="32" ncloc="32" packages="2" files="2" classes="2"/>
    <package name="services">
      <metrics statements="19" coveredstatements="18" conditionals="8" coveredconditionals="6" methods="5" coveredmethods="5"/>
      <file name="product.service.ts" path="C:\Users\victo\OneDrive\Desktop\manage-products\src\services\product.service.ts">
        <metrics statements="19" coveredstatements="18" conditionals="8" coveredconditionals="6" methods="5" coveredmethods="5"/>
        <line num="1" count="1" type="stmt"/>
        <line num="11" count="1" type="stmt"/>
        <line num="14" count="2" type="stmt"/>
        <line num="28" count="1" type="stmt"/>
        <line num="36" count="2" type="stmt"/>
        <line num="38" count="2" type="stmt"/>
        <line num="39" count="2" type="cond" truecount="0" falsecount="1"/>
        <line num="40" count="0" type="stmt"/>
        <line num="42" count="2" type="cond" truecount="1" falsecount="0"/>
        <line num="43" count="1" type="stmt"/>
        <line num="46" count="2" type="stmt"/>
        <line num="47" count="2" type="stmt"/>
        <line num="53" count="2" type="stmt"/>
        <line num="68" count="1" type="stmt"/>
        <line num="69" count="3" type="stmt"/>
        <line num="78" count="1" type="stmt"/>
        <line num="82" count="2" type="stmt"/>
        <line num="93" count="1" type="stmt"/>
        <line num="94" count="2" type="stmt"/>
      </file>
    </package>
    <package name="tests">
      <metrics statements="13" coveredstatements="13" conditionals="0" coveredconditionals="0" methods="3" coveredmethods="3"/>
      <file name="helpers.ts" path="C:\Users\victo\OneDrive\Desktop\manage-products\src\tests\helpers.ts">
        <metrics statements="13" coveredstatements="13" conditionals="0" coveredconditionals="0" methods="3" coveredmethods="3"/>
        <line num="1" count="1" type="stmt"/>
        <line num="2" count="1" type="stmt"/>
        <line num="3" count="1" type="stmt"/>
        <line num="12" count="1" type="stmt"/>
        <line num="13" count="12" type="stmt"/>
        <line num="18" count="11" type="stmt"/>
        <line num="21" count="1" type="stmt"/>
        <line num="24" count="11" type="stmt"/>
        <line num="34" count="1" type="stmt"/>
        <line num="35" count="9" type="stmt"/>
        <line num="36" count="9" type="stmt"/>
        <line num="37" count="9" type="stmt"/>
        <line num="38" count="9" type="stmt"/>
      </file>
    </package>
  </project>
</coverage>
