<?xml version="1.0" encoding="UTF-8"?>
<coverage generated="1743037269063" clover="3.2.0">
  <project timestamp="1743037269063" name="All files">
    <metrics statements="12" coveredstatements="12" conditionals="2" coveredconditionals="2" methods="3" coveredmethods="3" elements="17" coveredelements="17" complexity="0" loc="12" ncloc="12" packages="1" files="1" classes="1"/>
    <file name="helpers.ts" path="C:\Users\victo\OneDrive\Desktop\manage-products\src\tests\helpers.ts">
      <metrics statements="12" coveredstatements="12" conditionals="2" coveredconditionals="2" methods="3" coveredmethods="3"/>
      <line num="1" count="1" type="stmt"/>
      <line num="2" count="1" type="stmt"/>
      <line num="3" count="1" type="stmt"/>
      <line num="12" count="1" type="stmt"/>
      <line num="13" count="12" type="stmt"/>
      <line num="20" count="1" type="stmt"/>
      <line num="23" count="26" type="stmt"/>
      <line num="33" count="1" type="stmt"/>
      <line num="34" count="9" type="stmt"/>
      <line num="35" count="9" type="stmt"/>
      <line num="36" count="9" type="stmt"/>
      <line num="37" count="9" type="stmt"/>
    </file>
  </project>
</coverage>
