{"C:\\Users\\victo\\OneDrive\\Desktop\\manage-products\\src\\services\\product.service.ts": {"path":"C:\\Users\\victo\\OneDrive\\Desktop\\manage-products\\src\\services\\product.service.ts","statementMap":{"0":{"start":{"line":1,"column":0},"end":{"line":1,"column":50}},"1":{"start":{"line":11,"column":29},"end":{"line":15,"column":1}},"2":{"start":{"line":14,"column":2},"end":{"line":14,"column":37}},"3":{"start":{"line":11,"column":13},"end":{"line":11,"column":29}},"4":{"start":{"line":28,"column":27},"end":{"line":61,"column":1}},"5":{"start":{"line":36,"column":6},"end":{"line":36,"column":11}},"6":{"start":{"line":38,"column":22},"end":{"line":38,"column":24}},"7":{"start":{"line":39,"column":2},"end":{"line":41,"column":3}},"8":{"start":{"line":40,"column":4},"end":{"line":40,"column":39}},"9":{"start":{"line":42,"column":2},"end":{"line":44,"column":3}},"10":{"start":{"line":43,"column":4},"end":{"line":43,"column":31}},"11":{"start":{"line":46,"column":16},"end":{"line":46,"column":52}},"12":{"start":{"line":47,"column":19},"end":{"line":51,"column":40}},"13":{"start":{"line":53,"column":2},"end":{"line":60,"column":4}},"14":{"start":{"line":28,"column":13},"end":{"line":28,"column":27}},"15":{"start":{"line":68,"column":30},"end":{"line":70,"column":1}},"16":{"start":{"line":69,"column":2},"end":{"line":69,"column":66}},"17":{"start":{"line":68,"column":13},"end":{"line":68,"column":30}},"18":{"start":{"line":78,"column":29},"end":{"line":86,"column":1}},"19":{"start":{"line":82,"column":2},"end":{"line":85,"column":4}},"20":{"start":{"line":78,"column":13},"end":{"line":78,"column":29}},"21":{"start":{"line":93,"column":29},"end":{"line":95,"column":1}},"22":{"start":{"line":94,"column":2},"end":{"line":94,"column":39}},"23":{"start":{"line":93,"column":13},"end":{"line":93,"column":29}}},"fnMap":{"0":{"name":"(anonymous_0)","decl":{"start":{"line":11,"column":29},"end":{"line":11,"column":34}},"loc":{"start":{"line":13,"column":23},"end":{"line":15,"column":1}}},"1":{"name":"(anonymous_1)","decl":{"start":{"line":28,"column":27},"end":{"line":28,"column":32}},"loc":{"start":{"line":28,"column":57},"end":{"line":61,"column":1}}},"2":{"name":"(anonymous_2)","decl":{"start":{"line":68,"column":30},"end":{"line":68,"column":35}},"loc":{"start":{"line":68,"column":77},"end":{"line":70,"column":1}}},"3":{"name":"(anonymous_3)","decl":{"start":{"line":78,"column":29},"end":{"line":78,"column":34}},"loc":{"start":{"line":81,"column":30},"end":{"line":86,"column":1}}},"4":{"name":"(anonymous_4)","decl":{"start":{"line":93,"column":29},"end":{"line":93,"column":34}},"loc":{"start":{"line":93,"column":76},"end":{"line":95,"column":1}}}},"branchMap":{"0":{"loc":{"start":{"line":30,"column":4},"end":{"line":30,"column":12}},"type":"default-arg","locations":[{"start":{"line":30,"column":11},"end":{"line":30,"column":12}}]},"1":{"loc":{"start":{"line":31,"column":4},"end":{"line":31,"column":14}},"type":"default-arg","locations":[{"start":{"line":31,"column":12},"end":{"line":31,"column":14}}]},"2":{"loc":{"start":{"line":34,"column":4},"end":{"line":34,"column":24}},"type":"default-arg","locations":[{"start":{"line":34,"column":13},"end":{"line":34,"column":24}}]},"3":{"loc":{"start":{"line":35,"column":4},"end":{"line":35,"column":18}},"type":"default-arg","locations":[{"start":{"line":35,"column":12},"end":{"line":35,"column":18}}]},"4":{"loc":{"start":{"line":39,"column":2},"end":{"line":41,"column":3}},"type":"if","locations":[{"start":{"line":39,"column":2},"end":{"line":41,"column":3}}]},"5":{"loc":{"start":{"line":42,"column":2},"end":{"line":44,"column":3}},"type":"if","locations":[{"start":{"line":42,"column":2},"end":{"line":44,"column":3}}]},"6":{"loc":{"start":{"line":48,"column":22},"end":{"line":48,"column":47}},"type":"cond-expr","locations":[{"start":{"line":48,"column":41},"end":{"line":48,"column":43}},{"start":{"line":48,"column":46},"end":{"line":48,"column":47}}]}},"s":{"0":1,"1":1,"2":2,"3":1,"4":1,"5":2,"6":2,"7":2,"8":0,"9":2,"10":1,"11":2,"12":2,"13":2,"14":1,"15":1,"16":3,"17":1,"18":1,"19":2,"20":1,"21":1,"22":2,"23":1},"f":{"0":2,"1":2,"2":3,"3":2,"4":2},"b":{"0":[2],"1":[2],"2":[2],"3":[2],"4":[0],"5":[1],"6":[2,0]}}
,"C:\\Users\\victo\\OneDrive\\Desktop\\manage-products\\src\\tests\\helpers.ts": {"path":"C:\\Users\\victo\\OneDrive\\Desktop\\manage-products\\src\\tests\\helpers.ts","statementMap":{"0":{"start":{"line":1,"column":0},"end":{"line":1,"column":32}},"1":{"start":{"line":2,"column":0},"end":{"line":2,"column":44}},"2":{"start":{"line":3,"column":0},"end":{"line":3,"column":50}},"3":{"start":{"line":12,"column":30},"end":{"line":19,"column":1}},"4":{"start":{"line":13,"column":15},"end":{"line":17,"column":4}},"5":{"start":{"line":18,"column":2},"end":{"line":18,"column":14}},"6":{"start":{"line":12,"column":13},"end":{"line":12,"column":30}},"7":{"start":{"line":21,"column":33},"end":{"line":32,"column":1}},"8":{"start":{"line":24,"column":2},"end":{"line":31,"column":4}},"9":{"start":{"line":21,"column":13},"end":{"line":21,"column":33}},"10":{"start":{"line":34,"column":29},"end":{"line":42,"column":1}},"11":{"start":{"line":35,"column":15},"end":{"line":35,"column":37}},"12":{"start":{"line":36,"column":22},"end":{"line":36,"column":54}},"13":{"start":{"line":37,"column":18},"end":{"line":37,"column":51}},"14":{"start":{"line":38,"column":2},"end":{"line":41,"column":4}},"15":{"start":{"line":34,"column":13},"end":{"line":34,"column":29}}},"fnMap":{"0":{"name":"(anonymous_0)","decl":{"start":{"line":12,"column":30},"end":{"line":12,"column":35}},"loc":{"start":{"line":12,"column":41},"end":{"line":19,"column":1}}},"1":{"name":"(anonymous_1)","decl":{"start":{"line":21,"column":33},"end":{"line":21,"column":38}},"loc":{"start":{"line":23,"column":33},"end":{"line":32,"column":1}}},"2":{"name":"(anonymous_2)","decl":{"start":{"line":34,"column":29},"end":{"line":34,"column":34}},"loc":{"start":{"line":34,"column":40},"end":{"line":42,"column":1}}}},"branchMap":{},"s":{"0":1,"1":1,"2":1,"3":1,"4":12,"5":11,"6":1,"7":1,"8":11,"9":1,"10":1,"11":9,"12":9,"13":9,"14":9,"15":1},"f":{"0":12,"1":11,"2":9},"b":{}}
}
