{"C:\\Users\\victo\\OneDrive\\Desktop\\manage-products\\src\\config\\env.ts": {"path":"C:\\Users\\victo\\OneDrive\\Desktop\\manage-products\\src\\config\\env.ts","statementMap":{"0":{"start":{"line":1,"column":0},"end":{"line":1,"column":46}},"1":{"start":{"line":3,"column":12},"end":{"line":9,"column":2}},"2":{"start":{"line":11,"column":0},"end":{"line":11,"column":19}}},"fnMap":{},"branchMap":{},"s":{"0":1,"1":1,"2":1},"f":{},"b":{}}
,"C:\\Users\\victo\\OneDrive\\Desktop\\manage-products\\src\\models\\product.model.ts": {"path":"C:\\Users\\victo\\OneDrive\\Desktop\\manage-products\\src\\models\\product.model.ts","statementMap":{"0":{"start":{"line":1,"column":0},"end":{"line":1,"column":41}},"1":{"start":{"line":4,"column":22},"end":{"line":40,"column":null}},"2":{"start":{"line":43,"column":0},"end":{"line":43,"column":59}},"3":{"start":{"line":45,"column":13},"end":{"line":45,"column":65}}},"fnMap":{},"branchMap":{},"s":{"0":1,"1":1,"2":1,"3":1},"f":{},"b":{}}
,"C:\\Users\\victo\\OneDrive\\Desktop\\manage-products\\src\\models\\user.model.ts": {"path":"C:\\Users\\victo\\OneDrive\\Desktop\\manage-products\\src\\models\\user.model.ts","statementMap":{"0":{"start":{"line":1,"column":0},"end":{"line":1,"column":41}},"1":{"start":{"line":2,"column":0},"end":{"line":2,"column":30}},"2":{"start":{"line":5,"column":19},"end":{"line":33,"column":null}},"3":{"start":{"line":29,"column":8},"end":{"line":29,"column":28}},"4":{"start":{"line":30,"column":8},"end":{"line":30,"column":19}},"5":{"start":{"line":36,"column":0},"end":{"line":46,"column":3}},"6":{"start":{"line":37,"column":2},"end":{"line":37,"column":50}},"7":{"start":{"line":37,"column":36},"end":{"line":37,"column":50}},"8":{"start":{"line":39,"column":2},"end":{"line":45,"column":3}},"9":{"start":{"line":40,"column":17},"end":{"line":40,"column":41}},"10":{"start":{"line":41,"column":4},"end":{"line":41,"column":59}},"11":{"start":{"line":42,"column":4},"end":{"line":42,"column":11}},"12":{"start":{"line":44,"column":4},"end":{"line":44,"column":25}},"13":{"start":{"line":48,"column":0},"end":{"line":52,"column":2}},"14":{"start":{"line":51,"column":2},"end":{"line":51,"column":58}},"15":{"start":{"line":54,"column":13},"end":{"line":54,"column":53}}},"fnMap":{"0":{"name":"(anonymous_0)","decl":{"start":{"line":28,"column":17},"end":{"line":28,"column":18}},"loc":{"start":{"line":28,"column":28},"end":{"line":31,"column":7}}},"1":{"name":"(anonymous_1)","decl":{"start":{"line":36,"column":23},"end":{"line":36,"column":28}},"loc":{"start":{"line":36,"column":43},"end":{"line":46,"column":1}}},"2":{"name":"(anonymous_2)","decl":{"start":{"line":48,"column":37},"end":{"line":48,"column":42}},"loc":{"start":{"line":49,"column":27},"end":{"line":52,"column":1}}}},"branchMap":{"0":{"loc":{"start":{"line":37,"column":2},"end":{"line":37,"column":50}},"type":"if","locations":[{"start":{"line":37,"column":2},"end":{"line":37,"column":50}}]}},"s":{"0":2,"1":2,"2":2,"3":0,"4":0,"5":2,"6":17,"7":0,"8":17,"9":17,"10":17,"11":17,"12":0,"13":2,"14":2,"15":2},"f":{"0":0,"1":17,"2":2},"b":{"0":[0]}}
,"C:\\Users\\victo\\OneDrive\\Desktop\\manage-products\\src\\services\\auth.service.ts": {"path":"C:\\Users\\victo\\OneDrive\\Desktop\\manage-products\\src\\services\\auth.service.ts","statementMap":{"0":{"start":{"line":1,"column":0},"end":{"line":1,"column":47}},"1":{"start":{"line":2,"column":0},"end":{"line":2,"column":44}},"2":{"start":{"line":3,"column":0},"end":{"line":3,"column":32}},"3":{"start":{"line":15,"column":22},"end":{"line":18,"column":1}},"4":{"start":{"line":16,"column":30},"end":{"line":16,"column":44}},"5":{"start":{"line":17,"column":2},"end":{"line":17,"column":64}},"6":{"start":{"line":26,"column":24},"end":{"line":45,"column":1}},"7":{"start":{"line":29,"column":23},"end":{"line":29,"column":68}},"8":{"start":{"line":30,"column":2},"end":{"line":32,"column":3}},"9":{"start":{"line":31,"column":4},"end":{"line":31,"column":44}},"10":{"start":{"line":34,"column":15},"end":{"line":34,"column":42}},"11":{"start":{"line":35,"column":16},"end":{"line":35,"column":38}},"12":{"start":{"line":37,"column":2},"end":{"line":44,"column":4}},"13":{"start":{"line":26,"column":13},"end":{"line":26,"column":24}},"14":{"start":{"line":53,"column":21},"end":{"line":76,"column":1}},"15":{"start":{"line":56,"column":15},"end":{"line":56,"column":63}},"16":{"start":{"line":57,"column":2},"end":{"line":59,"column":3}},"17":{"start":{"line":58,"column":4},"end":{"line":58,"column":43}},"18":{"start":{"line":61,"column":26},"end":{"line":61,"column":74}},"19":{"start":{"line":62,"column":2},"end":{"line":64,"column":3}},"20":{"start":{"line":63,"column":4},"end":{"line":63,"column":43}},"21":{"start":{"line":66,"column":16},"end":{"line":66,"column":38}},"22":{"start":{"line":68,"column":2},"end":{"line":75,"column":4}},"23":{"start":{"line":53,"column":13},"end":{"line":53,"column":21}}},"fnMap":{"0":{"name":"(anonymous_0)","decl":{"start":{"line":15,"column":22},"end":{"line":15,"column":23}},"loc":{"start":{"line":15,"column":49},"end":{"line":18,"column":1}}},"1":{"name":"(anonymous_1)","decl":{"start":{"line":26,"column":24},"end":{"line":26,"column":29}},"loc":{"start":{"line":28,"column":27},"end":{"line":45,"column":1}}},"2":{"name":"(anonymous_2)","decl":{"start":{"line":53,"column":21},"end":{"line":53,"column":26}},"loc":{"start":{"line":55,"column":27},"end":{"line":76,"column":1}}}},"branchMap":{"0":{"loc":{"start":{"line":30,"column":2},"end":{"line":32,"column":3}},"type":"if","locations":[{"start":{"line":30,"column":2},"end":{"line":32,"column":3}}]},"1":{"loc":{"start":{"line":57,"column":2},"end":{"line":59,"column":3}},"type":"if","locations":[{"start":{"line":57,"column":2},"end":{"line":59,"column":3}}]},"2":{"loc":{"start":{"line":62,"column":2},"end":{"line":64,"column":3}},"type":"if","locations":[{"start":{"line":62,"column":2},"end":{"line":64,"column":3}}]}},"s":{"0":1,"1":1,"2":1,"3":1,"4":6,"5":6,"6":1,"7":6,"8":6,"9":1,"10":5,"11":5,"12":5,"13":1,"14":1,"15":3,"16":3,"17":1,"18":2,"19":2,"20":1,"21":1,"22":1,"23":1},"f":{"0":6,"1":6,"2":3},"b":{"0":[1],"1":[1],"2":[1]}}
,"C:\\Users\\victo\\OneDrive\\Desktop\\manage-products\\src\\services\\product.service.ts": {"path":"C:\\Users\\victo\\OneDrive\\Desktop\\manage-products\\src\\services\\product.service.ts","statementMap":{"0":{"start":{"line":1,"column":0},"end":{"line":1,"column":50}},"1":{"start":{"line":11,"column":29},"end":{"line":15,"column":1}},"2":{"start":{"line":14,"column":2},"end":{"line":14,"column":37}},"3":{"start":{"line":11,"column":13},"end":{"line":11,"column":29}},"4":{"start":{"line":28,"column":27},"end":{"line":61,"column":1}},"5":{"start":{"line":36,"column":6},"end":{"line":36,"column":11}},"6":{"start":{"line":38,"column":22},"end":{"line":38,"column":24}},"7":{"start":{"line":39,"column":2},"end":{"line":41,"column":3}},"8":{"start":{"line":40,"column":4},"end":{"line":40,"column":39}},"9":{"start":{"line":42,"column":2},"end":{"line":44,"column":3}},"10":{"start":{"line":43,"column":4},"end":{"line":43,"column":31}},"11":{"start":{"line":46,"column":16},"end":{"line":46,"column":52}},"12":{"start":{"line":47,"column":19},"end":{"line":51,"column":40}},"13":{"start":{"line":53,"column":2},"end":{"line":60,"column":4}},"14":{"start":{"line":28,"column":13},"end":{"line":28,"column":27}},"15":{"start":{"line":68,"column":30},"end":{"line":70,"column":1}},"16":{"start":{"line":69,"column":2},"end":{"line":69,"column":66}},"17":{"start":{"line":68,"column":13},"end":{"line":68,"column":30}},"18":{"start":{"line":78,"column":29},"end":{"line":86,"column":1}},"19":{"start":{"line":82,"column":2},"end":{"line":85,"column":4}},"20":{"start":{"line":78,"column":13},"end":{"line":78,"column":29}},"21":{"start":{"line":93,"column":29},"end":{"line":95,"column":1}},"22":{"start":{"line":94,"column":2},"end":{"line":94,"column":39}},"23":{"start":{"line":93,"column":13},"end":{"line":93,"column":29}}},"fnMap":{"0":{"name":"(anonymous_0)","decl":{"start":{"line":11,"column":29},"end":{"line":11,"column":34}},"loc":{"start":{"line":13,"column":23},"end":{"line":15,"column":1}}},"1":{"name":"(anonymous_1)","decl":{"start":{"line":28,"column":27},"end":{"line":28,"column":32}},"loc":{"start":{"line":28,"column":57},"end":{"line":61,"column":1}}},"2":{"name":"(anonymous_2)","decl":{"start":{"line":68,"column":30},"end":{"line":68,"column":35}},"loc":{"start":{"line":68,"column":77},"end":{"line":70,"column":1}}},"3":{"name":"(anonymous_3)","decl":{"start":{"line":78,"column":29},"end":{"line":78,"column":34}},"loc":{"start":{"line":81,"column":30},"end":{"line":86,"column":1}}},"4":{"name":"(anonymous_4)","decl":{"start":{"line":93,"column":29},"end":{"line":93,"column":34}},"loc":{"start":{"line":93,"column":76},"end":{"line":95,"column":1}}}},"branchMap":{"0":{"loc":{"start":{"line":30,"column":4},"end":{"line":30,"column":12}},"type":"default-arg","locations":[{"start":{"line":30,"column":11},"end":{"line":30,"column":12}}]},"1":{"loc":{"start":{"line":31,"column":4},"end":{"line":31,"column":14}},"type":"default-arg","locations":[{"start":{"line":31,"column":12},"end":{"line":31,"column":14}}]},"2":{"loc":{"start":{"line":34,"column":4},"end":{"line":34,"column":24}},"type":"default-arg","locations":[{"start":{"line":34,"column":13},"end":{"line":34,"column":24}}]},"3":{"loc":{"start":{"line":35,"column":4},"end":{"line":35,"column":18}},"type":"default-arg","locations":[{"start":{"line":35,"column":12},"end":{"line":35,"column":18}}]},"4":{"loc":{"start":{"line":39,"column":2},"end":{"line":41,"column":3}},"type":"if","locations":[{"start":{"line":39,"column":2},"end":{"line":41,"column":3}}]},"5":{"loc":{"start":{"line":42,"column":2},"end":{"line":44,"column":3}},"type":"if","locations":[{"start":{"line":42,"column":2},"end":{"line":44,"column":3}}]},"6":{"loc":{"start":{"line":48,"column":22},"end":{"line":48,"column":47}},"type":"cond-expr","locations":[{"start":{"line":48,"column":41},"end":{"line":48,"column":43}},{"start":{"line":48,"column":46},"end":{"line":48,"column":47}}]}},"s":{"0":1,"1":1,"2":17,"3":1,"4":1,"5":3,"6":3,"7":3,"8":0,"9":3,"10":1,"11":3,"12":3,"13":3,"14":1,"15":1,"16":3,"17":1,"18":1,"19":2,"20":1,"21":1,"22":2,"23":1},"f":{"0":17,"1":3,"2":3,"3":2,"4":2},"b":{"0":[2],"1":[2],"2":[3],"3":[3],"4":[0],"5":[1],"6":[3,0]}}
,"C:\\Users\\victo\\OneDrive\\Desktop\\manage-products\\src\\tests\\helpers.ts": {"path":"C:\\Users\\victo\\OneDrive\\Desktop\\manage-products\\src\\tests\\helpers.ts","statementMap":{"0":{"start":{"line":1,"column":0},"end":{"line":1,"column":32}},"1":{"start":{"line":2,"column":0},"end":{"line":2,"column":44}},"2":{"start":{"line":3,"column":0},"end":{"line":3,"column":50}},"3":{"start":{"line":12,"column":30},"end":{"line":18,"column":1}},"4":{"start":{"line":13,"column":2},"end":{"line":17,"column":5}},"5":{"start":{"line":12,"column":13},"end":{"line":12,"column":30}},"6":{"start":{"line":20,"column":33},"end":{"line":31,"column":1}},"7":{"start":{"line":23,"column":2},"end":{"line":30,"column":4}},"8":{"start":{"line":20,"column":13},"end":{"line":20,"column":33}},"9":{"start":{"line":33,"column":29},"end":{"line":41,"column":1}},"10":{"start":{"line":34,"column":15},"end":{"line":34,"column":37}},"11":{"start":{"line":35,"column":22},"end":{"line":35,"column":54}},"12":{"start":{"line":36,"column":18},"end":{"line":36,"column":51}},"13":{"start":{"line":37,"column":2},"end":{"line":40,"column":4}},"14":{"start":{"line":33,"column":13},"end":{"line":33,"column":29}}},"fnMap":{"0":{"name":"(anonymous_0)","decl":{"start":{"line":12,"column":30},"end":{"line":12,"column":35}},"loc":{"start":{"line":12,"column":55},"end":{"line":18,"column":1}}},"1":{"name":"(anonymous_1)","decl":{"start":{"line":20,"column":33},"end":{"line":20,"column":38}},"loc":{"start":{"line":22,"column":33},"end":{"line":31,"column":1}}},"2":{"name":"(anonymous_2)","decl":{"start":{"line":33,"column":29},"end":{"line":33,"column":34}},"loc":{"start":{"line":33,"column":40},"end":{"line":41,"column":1}}}},"branchMap":{"0":{"loc":{"start":{"line":15,"column":11},"end":{"line":15,"column":38}},"type":"binary-expr","locations":[{"start":{"line":15,"column":11},"end":{"line":15,"column":16}},{"start":{"line":15,"column":20},"end":{"line":15,"column":38}}]}},"s":{"0":1,"1":1,"2":1,"3":1,"4":12,"5":1,"6":1,"7":26,"8":1,"9":1,"10":9,"11":9,"12":9,"13":9,"14":1},"f":{"0":12,"1":26,"2":9},"b":{"0":[12,11]}}
}
