TN:
SF:src\services\product.service.ts
FN:11,(anonymous_0)
FN:28,(anonymous_1)
FN:68,(anonymous_2)
FN:78,(anonymous_3)
FN:93,(anonymous_4)
FNF:5
FNH:5
FNDA:2,(anonymous_0)
FNDA:2,(anonymous_1)
FNDA:3,(anonymous_2)
FNDA:2,(anonymous_3)
FNDA:2,(anonymous_4)
DA:1,1
DA:11,1
DA:14,2
DA:28,1
DA:36,2
DA:38,2
DA:39,2
DA:40,0
DA:42,2
DA:43,1
DA:46,2
DA:47,2
DA:53,2
DA:68,1
DA:69,3
DA:78,1
DA:82,2
DA:93,1
DA:94,2
LF:19
LH:18
BRDA:30,0,0,2
BRDA:31,1,0,2
BRDA:34,2,0,2
BRDA:35,3,0,2
BRDA:39,4,0,0
BRDA:42,5,0,1
BRDA:48,6,0,2
BRDA:48,6,1,0
BRF:8
BRH:6
end_of_record
TN:
SF:src\tests\helpers.ts
FN:12,(anonymous_0)
FN:21,(anonymous_1)
FN:34,(anonymous_2)
FNF:3
FNH:3
FNDA:12,(anonymous_0)
FNDA:11,(anonymous_1)
FNDA:9,(anonymous_2)
DA:1,1
DA:2,1
DA:3,1
DA:12,1
DA:13,12
DA:18,11
DA:21,1
DA:24,11
DA:34,1
DA:35,9
DA:36,9
DA:37,9
DA:38,9
LF:13
LH:13
BRF:0
BRH:0
end_of_record
