TN:
SF:src\config\env.ts
FNF:0
FNH:0
DA:1,1
DA:3,1
DA:11,1
LF:3
LH:3
BRF:0
BRH:0
end_of_record
TN:
SF:src\models\product.model.ts
FNF:0
FNH:0
DA:1,1
DA:4,1
DA:43,1
DA:45,1
LF:4
LH:4
BRF:0
BRH:0
end_of_record
TN:
SF:src\models\user.model.ts
FN:28,(anonymous_0)
FN:36,(anonymous_1)
FN:48,(anonymous_2)
FNF:3
FNH:2
FNDA:0,(anonymous_0)
FNDA:17,(anonymous_1)
FNDA:2,(anonymous_2)
DA:1,2
DA:2,2
DA:5,2
DA:29,0
DA:30,0
DA:36,2
DA:37,17
DA:39,17
DA:40,17
DA:41,17
DA:42,17
DA:44,0
DA:48,2
DA:51,2
DA:54,2
LF:15
LH:12
BRDA:37,0,0,0
BRF:1
BRH:0
end_of_record
TN:
SF:src\services\auth.service.ts
FN:15,(anonymous_0)
FN:26,(anonymous_1)
FN:53,(anonymous_2)
FNF:3
FNH:3
FNDA:6,(anonymous_0)
FNDA:6,(anonymous_1)
FNDA:3,(anonymous_2)
DA:1,1
DA:2,1
DA:3,1
DA:15,1
DA:16,6
DA:17,6
DA:26,1
DA:29,6
DA:30,6
DA:31,1
DA:34,5
DA:35,5
DA:37,5
DA:53,1
DA:56,3
DA:57,3
DA:58,1
DA:61,2
DA:62,2
DA:63,1
DA:66,1
DA:68,1
LF:22
LH:22
BRDA:30,0,0,1
BRDA:57,1,0,1
BRDA:62,2,0,1
BRF:3
BRH:3
end_of_record
TN:
SF:src\services\product.service.ts
FN:11,(anonymous_0)
FN:28,(anonymous_1)
FN:68,(anonymous_2)
FN:78,(anonymous_3)
FN:93,(anonymous_4)
FNF:5
FNH:5
FNDA:17,(anonymous_0)
FNDA:3,(anonymous_1)
FNDA:3,(anonymous_2)
FNDA:2,(anonymous_3)
FNDA:2,(anonymous_4)
DA:1,1
DA:11,1
DA:14,17
DA:28,1
DA:36,3
DA:38,3
DA:39,3
DA:40,0
DA:42,3
DA:43,1
DA:46,3
DA:47,3
DA:53,3
DA:68,1
DA:69,3
DA:78,1
DA:82,2
DA:93,1
DA:94,2
LF:19
LH:18
BRDA:30,0,0,2
BRDA:31,1,0,2
BRDA:34,2,0,3
BRDA:35,3,0,3
BRDA:39,4,0,0
BRDA:42,5,0,1
BRDA:48,6,0,3
BRDA:48,6,1,0
BRF:8
BRH:6
end_of_record
TN:
SF:src\tests\helpers.ts
FN:12,(anonymous_0)
FN:20,(anonymous_1)
FN:33,(anonymous_2)
FNF:3
FNH:3
FNDA:12,(anonymous_0)
FNDA:26,(anonymous_1)
FNDA:9,(anonymous_2)
DA:1,1
DA:2,1
DA:3,1
DA:12,1
DA:13,12
DA:20,1
DA:23,26
DA:33,1
DA:34,9
DA:35,9
DA:36,9
DA:37,9
LF:12
LH:12
BRDA:15,0,0,12
BRDA:15,0,1,11
BRF:2
BRH:2
end_of_record
